TN:
SF:/Users/jaredmchaffie/WigWag/manu-tools/shipping/easypost_google/index.js
FN:17,(anonymous_0)
FN:18,(anonymous_1)
FN:30,(anonymous_2)
FN:33,(anonymous_3)
FN:50,(anonymous_4)
FN:54,(anonymous_5)
FN:59,(anonymous_6)
FN:62,(anonymous_7)
FN:66,(anonymous_8)
FN:71,(anonymous_9)
FN:96,(anonymous_10)
FN:97,(anonymous_11)
FN:102,(anonymous_12)
FN:103,(anonymous_13)
FN:117,createNewShipment
FN:118,(anonymous_15)
FN:123,(anonymous_16)
FN:135,(anonymous_17)
FN:150,(anonymous_18)
FN:178,(anonymous_19)
FN:184,(anonymous_20)
FN:218,setInitialQuotes
FN:234,(anonymous_22)
FN:241,(anonymous_23)
FN:278,(anonymous_24)
FN:287,updateShippingQuotes
FN:288,(anonymous_26)
FN:293,(anonymous_27)
FN:300,(anonymous_28)
FN:337,(anonymous_29)
FN:347,getWorksheetIndexByName
FN:359,(anonymous_31)
FN:370,purchasePostage
FN:372,(anonymous_33)
FN:374,(anonymous_34)
FN:382,(anonymous_35)
FN:384,(anonymous_36)
FN:400,getPurchaseRate
FN:401,(anonymous_38)
FN:402,(anonymous_39)
FN:415,logError
FNF:41
FNH:21
FNDA:1,(anonymous_0)
FNDA:1,(anonymous_1)
FNDA:1,(anonymous_2)
FNDA:1,(anonymous_3)
FNDA:0,(anonymous_4)
FNDA:0,(anonymous_5)
FNDA:1,(anonymous_6)
FNDA:0,(anonymous_7)
FNDA:0,(anonymous_8)
FNDA:1,(anonymous_9)
FNDA:2,(anonymous_10)
FNDA:2,(anonymous_11)
FNDA:2,(anonymous_12)
FNDA:2,(anonymous_13)
FNDA:1,createNewShipment
FNDA:1,(anonymous_15)
FNDA:1,(anonymous_16)
FNDA:1,(anonymous_17)
FNDA:4,(anonymous_18)
FNDA:2,(anonymous_19)
FNDA:4,(anonymous_20)
FNDA:1,setInitialQuotes
FNDA:1,(anonymous_22)
FNDA:0,(anonymous_23)
FNDA:0,(anonymous_24)
FNDA:0,updateShippingQuotes
FNDA:0,(anonymous_26)
FNDA:0,(anonymous_27)
FNDA:0,(anonymous_28)
FNDA:0,(anonymous_29)
FNDA:1,getWorksheetIndexByName
FNDA:2,(anonymous_31)
FNDA:0,purchasePostage
FNDA:0,(anonymous_33)
FNDA:0,(anonymous_34)
FNDA:0,(anonymous_35)
FNDA:0,(anonymous_36)
FNDA:0,getPurchaseRate
FNDA:0,(anonymous_38)
FNDA:0,(anonymous_39)
FNDA:0,logError
DA:4,1
DA:5,1
DA:7,1
DA:8,1
DA:12,1
DA:13,1
DA:17,1
DA:18,1
DA:19,1
DA:21,1
DA:24,1
DA:25,0
DA:27,1
DA:30,1
DA:31,1
DA:32,0
DA:33,1
DA:34,1
DA:36,1
DA:37,0
DA:40,1
DA:41,0
DA:44,1
DA:45,0
DA:48,1
DA:50,1
DA:51,0
DA:52,0
DA:54,0
DA:55,0
DA:57,0
DA:61,1
DA:63,0
DA:64,0
DA:66,0
DA:67,0
DA:69,0
DA:72,1
DA:73,0
DA:75,1
DA:84,0
DA:85,0
DA:90,0
DA:96,1
DA:97,2
DA:99,2
DA:102,2
DA:103,2
DA:104,2
DA:105,1
DA:106,1
DA:107,0
DA:109,1
DA:118,1
DA:120,1
DA:123,1
DA:124,1
DA:125,0
DA:126,1
DA:128,1
DA:136,1
DA:137,0
DA:140,1
DA:142,1
DA:150,1
DA:151,4
DA:153,4
DA:154,2
DA:156,2
DA:158,4
DA:159,1
DA:160,4
DA:161,2
DA:163,4
DA:178,1
DA:179,2
DA:184,1
DA:186,4
DA:187,2
DA:196,2
DA:197,1
DA:207,1
DA:221,1
DA:222,1
DA:223,1
DA:224,1
DA:225,1
DA:226,1
DA:227,1
DA:228,1
DA:229,1
DA:230,1
DA:231,1
DA:232,1
DA:234,1
DA:235,1
DA:241,0
DA:242,0
DA:244,0
DA:245,0
DA:247,0
DA:248,0
DA:250,0
DA:251,0
DA:253,0
DA:254,0
DA:256,0
DA:257,0
DA:259,0
DA:260,0
DA:262,0
DA:263,0
DA:265,0
DA:266,0
DA:268,0
DA:269,0
DA:271,0
DA:272,0
DA:274,0
DA:275,0
DA:278,0
DA:279,0
DA:288,0
DA:290,0
DA:291,0
DA:293,0
DA:294,0
DA:300,0
DA:301,0
DA:303,0
DA:304,0
DA:306,0
DA:307,0
DA:309,0
DA:310,0
DA:312,0
DA:313,0
DA:315,0
DA:316,0
DA:318,0
DA:319,0
DA:321,0
DA:322,0
DA:324,0
DA:325,0
DA:327,0
DA:328,0
DA:330,0
DA:331,0
DA:333,0
DA:334,0
DA:337,0
DA:338,0
DA:348,1
DA:349,2
DA:351,1
DA:354,0
DA:359,1
DA:360,2
DA:362,2
DA:365,2
DA:372,0
DA:374,0
DA:375,0
DA:376,0
DA:380,0
DA:384,0
DA:386,0
DA:387,0
DA:388,0
DA:392,0
DA:401,0
DA:402,0
DA:403,0
DA:405,0
DA:407,0
DA:408,0
DA:416,0
DA:417,0
DA:418,0
DA:424,0
LF:181
LH:81
BRDA:24,0,0,0
BRDA:24,0,1,1
BRDA:31,1,0,0
BRDA:31,1,1,1
BRDA:34,2,0,1
BRDA:34,2,1,0
BRDA:36,3,0,0
BRDA:36,3,1,1
BRDA:36,4,0,1
BRDA:36,4,1,1
BRDA:40,5,0,0
BRDA:40,5,1,1
BRDA:40,6,0,1
BRDA:40,6,1,0
BRDA:44,7,0,0
BRDA:44,7,1,1
BRDA:44,8,0,1
BRDA:44,8,1,0
BRDA:48,9,0,1
BRDA:48,9,1,0
BRDA:48,10,0,1
BRDA:48,10,1,1
BRDA:72,11,0,0
BRDA:72,11,1,1
BRDA:104,12,0,1
BRDA:104,12,1,1
BRDA:106,13,0,0
BRDA:106,13,1,1
BRDA:106,14,0,1
BRDA:106,14,1,0
BRDA:124,15,0,0
BRDA:124,15,1,1
BRDA:136,16,0,0
BRDA:136,16,1,1
BRDA:153,17,0,2
BRDA:153,17,1,2
BRDA:158,18,0,1
BRDA:158,18,1,3
BRDA:160,19,0,2
BRDA:160,19,1,2
BRDA:186,20,0,2
BRDA:186,20,1,2
BRDA:196,21,0,1
BRDA:196,21,1,1
BRDA:221,22,0,1
BRDA:221,22,1,0
BRDA:242,23,0,0
BRDA:242,23,1,0
BRDA:242,23,2,0
BRDA:242,23,3,0
BRDA:242,23,4,0
BRDA:242,23,5,0
BRDA:242,23,6,0
BRDA:242,23,7,0
BRDA:242,23,8,0
BRDA:242,23,9,0
BRDA:242,23,10,0
BRDA:290,24,0,0
BRDA:290,24,1,0
BRDA:301,25,0,0
BRDA:301,25,1,0
BRDA:301,25,2,0
BRDA:301,25,3,0
BRDA:301,25,4,0
BRDA:301,25,5,0
BRDA:301,25,6,0
BRDA:301,25,7,0
BRDA:301,25,8,0
BRDA:301,25,9,0
BRDA:301,25,10,0
BRDA:349,26,0,1
BRDA:349,26,1,1
BRDA:403,27,0,0
BRDA:403,27,1,0
BRDA:407,28,0,0
BRDA:407,28,1,0
BRDA:416,29,0,0
BRDA:416,29,1,0
BRF:78
BRH:33
end_of_record
TN:
SF:/Users/jaredmchaffie/WigWag/manu-tools/shipping/easypost_google/tests/test.js
FN:4,Row
FN:102,(anonymous_1)
FNF:2
FNH:2
FNDA:1,Row
FNDA:1,(anonymous_1)
DA:1,1
DA:2,1
DA:5,1
DA:6,1
DA:7,1
DA:8,1
DA:9,1
DA:10,1
DA:11,1
DA:12,1
DA:13,1
DA:14,1
DA:15,1
DA:16,1
DA:17,1
DA:18,1
DA:19,1
DA:20,1
DA:21,1
DA:27,1
DA:28,1
DA:30,1
DA:31,1
DA:32,1
DA:33,1
DA:34,1
DA:35,1
DA:36,1
DA:37,1
DA:38,1
DA:41,1
DA:42,1
DA:43,1
DA:45,1
DA:46,1
DA:51,1
DA:53,1
DA:54,1
DA:55,1
DA:56,1
DA:57,1
DA:58,1
DA:59,1
DA:60,1
DA:61,1
DA:66,1
DA:69,1
DA:70,1
DA:71,1
DA:72,1
DA:75,1
DA:76,1
DA:78,1
DA:79,1
DA:80,1
DA:81,1
DA:82,1
DA:85,1
DA:86,1
DA:88,1
DA:89,1
DA:90,1
DA:91,1
DA:92,1
DA:100,1
DA:102,1
DA:103,1
DA:109,1
DA:112,1
LF:69
LH:69
BRF:0
BRH:0
end_of_record
